2021-04-21 14:09:35,426 [myid:] - INFO  [main:QuorumPeerConfig@173] - Reading configuration from: /home/xeno/xWs/VI/SR/labs/Distributed-Systems/Zookeeper/apache-zookeeper-3.6.1-bin/bin/../conf/zoo.cfg
2021-04-21 14:09:35,441 [myid:] - INFO  [main:QuorumPeerConfig@459] - clientPortAddress is 0.0.0.0:2181
2021-04-21 14:09:35,441 [myid:] - INFO  [main:QuorumPeerConfig@463] - secureClientPort is not set
2021-04-21 14:09:35,442 [myid:] - INFO  [main:QuorumPeerConfig@479] - observerMasterPort is not set
2021-04-21 14:09:35,442 [myid:] - INFO  [main:QuorumPeerConfig@496] - metricsProvider.className is org.apache.zookeeper.metrics.impl.DefaultMetricsProvider
2021-04-21 14:09:35,447 [myid:] - INFO  [main:DatadirCleanupManager@78] - autopurge.snapRetainCount set to 3
2021-04-21 14:09:35,447 [myid:] - INFO  [main:DatadirCleanupManager@79] - autopurge.purgeInterval set to 0
2021-04-21 14:09:35,447 [myid:] - INFO  [main:DatadirCleanupManager@101] - Purge task is not scheduled.
2021-04-21 14:09:35,447 [myid:] - WARN  [main:QuorumPeerMain@138] - Either no config or no quorum defined in config, running in standalone mode
2021-04-21 14:09:35,454 [myid:] - INFO  [main:ManagedUtil@44] - Log4j 1.2 jmx support found and enabled.
2021-04-21 14:09:35,465 [myid:] - INFO  [main:QuorumPeerConfig@173] - Reading configuration from: /home/xeno/xWs/VI/SR/labs/Distributed-Systems/Zookeeper/apache-zookeeper-3.6.1-bin/bin/../conf/zoo.cfg
2021-04-21 14:09:35,465 [myid:] - INFO  [main:QuorumPeerConfig@459] - clientPortAddress is 0.0.0.0:2181
2021-04-21 14:09:35,465 [myid:] - INFO  [main:QuorumPeerConfig@463] - secureClientPort is not set
2021-04-21 14:09:35,466 [myid:] - INFO  [main:QuorumPeerConfig@479] - observerMasterPort is not set
2021-04-21 14:09:35,466 [myid:] - INFO  [main:QuorumPeerConfig@496] - metricsProvider.className is org.apache.zookeeper.metrics.impl.DefaultMetricsProvider
2021-04-21 14:09:35,466 [myid:] - INFO  [main:ZooKeeperServerMain@122] - Starting server
2021-04-21 14:09:35,498 [myid:] - INFO  [main:ServerMetrics@62] - ServerMetrics initialized with provider org.apache.zookeeper.metrics.impl.DefaultMetricsProvider@17a7f733
2021-04-21 14:09:35,503 [myid:] - INFO  [main:FileTxnSnapLog@124] - zookeeper.snapshot.trust.empty : false
2021-04-21 14:09:35,527 [myid:] - INFO  [main:ZookeeperBanner@42] - 
2021-04-21 14:09:35,528 [myid:] - INFO  [main:ZookeeperBanner@42] -   ______                  _                                          
2021-04-21 14:09:35,528 [myid:] - INFO  [main:ZookeeperBanner@42] -  |___  /                 | |                                         
2021-04-21 14:09:35,528 [myid:] - INFO  [main:ZookeeperBanner@42] -     / /    ___     ___   | | __   ___    ___   _ __     ___   _ __   
2021-04-21 14:09:35,528 [myid:] - INFO  [main:ZookeeperBanner@42] -    / /    / _ \   / _ \  | |/ /  / _ \  / _ \ | '_ \   / _ \ | '__|
2021-04-21 14:09:35,528 [myid:] - INFO  [main:ZookeeperBanner@42] -   / /__  | (_) | | (_) | |   <  |  __/ |  __/ | |_) | |  __/ | |    
2021-04-21 14:09:35,528 [myid:] - INFO  [main:ZookeeperBanner@42] -  /_____|  \___/   \___/  |_|\_\  \___|  \___| | .__/   \___| |_|
2021-04-21 14:09:35,528 [myid:] - INFO  [main:ZookeeperBanner@42] -                                               | |                     
2021-04-21 14:09:35,528 [myid:] - INFO  [main:ZookeeperBanner@42] -                                               |_|                     
2021-04-21 14:09:35,529 [myid:] - INFO  [main:ZookeeperBanner@42] - 
2021-04-21 14:09:35,530 [myid:] - INFO  [main:Environment@98] - Server environment:zookeeper.version=3.6.1--104dcb3e3fb464b30c5186d229e00af9f332524b, built on 04/21/2020 15:01 GMT
2021-04-21 14:09:35,531 [myid:] - INFO  [main:Environment@98] - Server environment:host.name=xeno-pc
2021-04-21 14:09:35,531 [myid:] - INFO  [main:Environment@98] - Server environment:java.version=15.0.2
2021-04-21 14:09:35,531 [myid:] - INFO  [main:Environment@98] - Server environment:java.vendor=N/A
2021-04-21 14:09:35,531 [myid:] - INFO  [main:Environment@98] - Server environment:java.home=/usr/lib/jvm/java-15-openjdk
2021-04-21 14:09:35,531 [myid:] - INFO  [main:Environment@98] - Server environment:java.class.path=/home/xeno/xWs/VI/SR/labs/Distributed-Systems/Zookeeper/apache-zookeeper-3.6.1-bin/bin/../zookeeper-server/target/classes:/home/xeno/xWs/VI/SR/labs/Distributed-Systems/Zookeeper/apache-zookeeper-3.6.1-bin/bin/../build/classes:/home/xeno/xWs/VI/SR/labs/Distributed-Systems/Zookeeper/apache-zookeeper-3.6.1-bin/bin/../zookeeper-server/target/lib/*.jar:/home/xeno/xWs/VI/SR/labs/Distributed-Systems/Zookeeper/apache-zookeeper-3.6.1-bin/bin/../build/lib/*.jar:/home/xeno/xWs/VI/SR/labs/Distributed-Systems/Zookeeper/apache-zookeeper-3.6.1-bin/bin/../lib/zookeeper-prometheus-metrics-3.6.1.jar:/home/xeno/xWs/VI/SR/labs/Distributed-Systems/Zookeeper/apache-zookeeper-3.6.1-bin/bin/../lib/zookeeper-jute-3.6.1.jar:/home/xeno/xWs/VI/SR/labs/Distributed-Systems/Zookeeper/apache-zookeeper-3.6.1-bin/bin/../lib/zookeeper-3.6.1.jar:/home/xeno/xWs/VI/SR/labs/Distributed-Systems/Zookeeper/apache-zookeeper-3.6.1-bin/bin/../lib/snappy-java-1.1.7.jar:/home/xeno/xWs/VI/SR/labs/Distributed-Systems/Zookeeper/apache-zookeeper-3.6.1-bin/bin/../lib/slf4j-log4j12-1.7.25.jar:/home/xeno/xWs/VI/SR/labs/Distributed-Systems/Zookeeper/apache-zookeeper-3.6.1-bin/bin/../lib/slf4j-api-1.7.25.jar:/home/xeno/xWs/VI/SR/labs/Distributed-Systems/Zookeeper/apache-zookeeper-3.6.1-bin/bin/../lib/simpleclient_servlet-0.6.0.jar:/home/xeno/xWs/VI/SR/labs/Distributed-Systems/Zookeeper/apache-zookeeper-3.6.1-bin/bin/../lib/simpleclient_hotspot-0.6.0.jar:/home/xeno/xWs/VI/SR/labs/Distributed-Systems/Zookeeper/apache-zookeeper-3.6.1-bin/bin/../lib/simpleclient_common-0.6.0.jar:/home/xeno/xWs/VI/SR/labs/Distributed-Systems/Zookeeper/apache-zookeeper-3.6.1-bin/bin/../lib/simpleclient-0.6.0.jar:/home/xeno/xWs/VI/SR/labs/Distributed-Systems/Zookeeper/apache-zookeeper-3.6.1-bin/bin/../lib/netty-transport-native-unix-common-4.1.48.Final.jar:/home/xeno/xWs/VI/SR/labs/Distributed-Systems/Zookeeper/apache-zookeeper-3.6.1-bin/bin/../lib/netty-transport-native-epoll-4.1.48.Final.jar:/home/xeno/xWs/VI/SR/labs/Distributed-Systems/Zookeeper/apache-zookeeper-3.6.1-bin/bin/../lib/netty-transport-4.1.48.Final.jar:/home/xeno/xWs/VI/SR/labs/Distributed-Systems/Zookeeper/apache-zookeeper-3.6.1-bin/bin/../lib/netty-resolver-4.1.48.Final.jar:/home/xeno/xWs/VI/SR/labs/Distributed-Systems/Zookeeper/apache-zookeeper-3.6.1-bin/bin/../lib/netty-handler-4.1.48.Final.jar:/home/xeno/xWs/VI/SR/labs/Distributed-Systems/Zookeeper/apache-zookeeper-3.6.1-bin/bin/../lib/netty-common-4.1.48.Final.jar:/home/xeno/xWs/VI/SR/labs/Distributed-Systems/Zookeeper/apache-zookeeper-3.6.1-bin/bin/../lib/netty-codec-4.1.48.Final.jar:/home/xeno/xWs/VI/SR/labs/Distributed-Systems/Zookeeper/apache-zookeeper-3.6.1-bin/bin/../lib/netty-buffer-4.1.48.Final.jar:/home/xeno/xWs/VI/SR/labs/Distributed-Systems/Zookeeper/apache-zookeeper-3.6.1-bin/bin/../lib/metrics-core-3.2.5.jar:/home/xeno/xWs/VI/SR/labs/Distributed-Systems/Zookeeper/apache-zookeeper-3.6.1-bin/bin/../lib/log4j-1.2.17.jar:/home/xeno/xWs/VI/SR/labs/Distributed-Systems/Zookeeper/apache-zookeeper-3.6.1-bin/bin/../lib/json-simple-1.1.1.jar:/home/xeno/xWs/VI/SR/labs/Distributed-Systems/Zookeeper/apache-zookeeper-3.6.1-bin/bin/../lib/jline-2.11.jar:/home/xeno/xWs/VI/SR/labs/Distributed-Systems/Zookeeper/apache-zookeeper-3.6.1-bin/bin/../lib/jetty-util-9.4.24.v20191120.jar:/home/xeno/xWs/VI/SR/labs/Distributed-Systems/Zookeeper/apache-zookeeper-3.6.1-bin/bin/../lib/jetty-servlet-9.4.24.v20191120.jar:/home/xeno/xWs/VI/SR/labs/Distributed-Systems/Zookeeper/apache-zookeeper-3.6.1-bin/bin/../lib/jetty-server-9.4.24.v20191120.jar:/home/xeno/xWs/VI/SR/labs/Distributed-Systems/Zookeeper/apache-zookeeper-3.6.1-bin/bin/../lib/jetty-security-9.4.24.v20191120.jar:/home/xeno/xWs/VI/SR/labs/Distributed-Systems/Zookeeper/apache-zookeeper-3.6.1-bin/bin/../lib/jetty-io-9.4.24.v20191120.jar:/home/xeno/xWs/VI/SR/labs/Distributed-Systems/Zookeeper/apache-zookeeper-3.6.1-bin/bin/../lib/jetty-http-9.4.24.v20191120.jar:/home/xeno/xWs/VI/SR/labs/Distributed-Systems/Zookeeper/apache-zookeeper-3.6.1-bin/bin/../lib/javax.servlet-api-3.1.0.jar:/home/xeno/xWs/VI/SR/labs/Distributed-Systems/Zookeeper/apache-zookeeper-3.6.1-bin/bin/../lib/jackson-databind-2.10.3.jar:/home/xeno/xWs/VI/SR/labs/Distributed-Systems/Zookeeper/apache-zookeeper-3.6.1-bin/bin/../lib/jackson-core-2.10.3.jar:/home/xeno/xWs/VI/SR/labs/Distributed-Systems/Zookeeper/apache-zookeeper-3.6.1-bin/bin/../lib/jackson-annotations-2.10.3.jar:/home/xeno/xWs/VI/SR/labs/Distributed-Systems/Zookeeper/apache-zookeeper-3.6.1-bin/bin/../lib/commons-lang-2.6.jar:/home/xeno/xWs/VI/SR/labs/Distributed-Systems/Zookeeper/apache-zookeeper-3.6.1-bin/bin/../lib/commons-cli-1.2.jar:/home/xeno/xWs/VI/SR/labs/Distributed-Systems/Zookeeper/apache-zookeeper-3.6.1-bin/bin/../lib/audience-annotations-0.5.0.jar:/home/xeno/xWs/VI/SR/labs/Distributed-Systems/Zookeeper/apache-zookeeper-3.6.1-bin/bin/../zookeeper-*.jar:/home/xeno/xWs/VI/SR/labs/Distributed-Systems/Zookeeper/apache-zookeeper-3.6.1-bin/bin/../zookeeper-server/src/main/resources/lib/*.jar:/home/xeno/xWs/VI/SR/labs/Distributed-Systems/Zookeeper/apache-zookeeper-3.6.1-bin/bin/../conf:
2021-04-21 14:09:35,531 [myid:] - INFO  [main:Environment@98] - Server environment:java.library.path=/usr/java/packages/lib:/usr/lib64:/lib64:/lib:/usr/lib
2021-04-21 14:09:35,531 [myid:] - INFO  [main:Environment@98] - Server environment:java.io.tmpdir=/tmp
2021-04-21 14:09:35,531 [myid:] - INFO  [main:Environment@98] - Server environment:java.compiler=<NA>
2021-04-21 14:09:35,531 [myid:] - INFO  [main:Environment@98] - Server environment:os.name=Linux
2021-04-21 14:09:35,532 [myid:] - INFO  [main:Environment@98] - Server environment:os.arch=amd64
2021-04-21 14:09:35,532 [myid:] - INFO  [main:Environment@98] - Server environment:os.version=5.10.26-1-MANJARO
2021-04-21 14:09:35,532 [myid:] - INFO  [main:Environment@98] - Server environment:user.name=root
2021-04-21 14:09:35,532 [myid:] - INFO  [main:Environment@98] - Server environment:user.home=/root
2021-04-21 14:09:35,532 [myid:] - INFO  [main:Environment@98] - Server environment:user.dir=/home/xeno/xWs/VI/SR/labs/Distributed-Systems/Zookeeper/apache-zookeeper-3.6.1-bin/bin
2021-04-21 14:09:35,532 [myid:] - INFO  [main:Environment@98] - Server environment:os.memory.free=173MB
2021-04-21 14:09:35,532 [myid:] - INFO  [main:Environment@98] - Server environment:os.memory.max=1000MB
2021-04-21 14:09:35,532 [myid:] - INFO  [main:Environment@98] - Server environment:os.memory.total=186MB
2021-04-21 14:09:35,533 [myid:] - INFO  [main:ZooKeeperServer@128] - zookeeper.enableEagerACLCheck = false
2021-04-21 14:09:35,533 [myid:] - INFO  [main:ZooKeeperServer@136] - zookeeper.digest.enabled = true
2021-04-21 14:09:35,533 [myid:] - INFO  [main:ZooKeeperServer@140] - zookeeper.closeSessionTxn.enabled = true
2021-04-21 14:09:35,533 [myid:] - INFO  [main:ZooKeeperServer@1434] - zookeeper.flushDelay=0
2021-04-21 14:09:35,533 [myid:] - INFO  [main:ZooKeeperServer@1443] - zookeeper.maxWriteQueuePollTime=0
2021-04-21 14:09:35,533 [myid:] - INFO  [main:ZooKeeperServer@1452] - zookeeper.maxBatchSize=1000
2021-04-21 14:09:35,534 [myid:] - INFO  [main:ZooKeeperServer@241] - zookeeper.intBufferStartingSizeBytes = 1024
2021-04-21 14:09:35,535 [myid:] - INFO  [main:BlueThrottle@141] - Weighed connection throttling is disabled
2021-04-21 14:09:35,537 [myid:] - INFO  [main:ZooKeeperServer@1246] - minSessionTimeout set to 4000
2021-04-21 14:09:35,537 [myid:] - INFO  [main:ZooKeeperServer@1255] - maxSessionTimeout set to 40000
2021-04-21 14:09:35,539 [myid:] - INFO  [main:ResponseCache@45] - Response cache size is initialized with value 400.
2021-04-21 14:09:35,539 [myid:] - INFO  [main:ResponseCache@45] - Response cache size is initialized with value 400.
2021-04-21 14:09:35,541 [myid:] - INFO  [main:RequestPathMetricsCollector@111] - zookeeper.pathStats.slotCapacity = 60
2021-04-21 14:09:35,541 [myid:] - INFO  [main:RequestPathMetricsCollector@112] - zookeeper.pathStats.slotDuration = 15
2021-04-21 14:09:35,541 [myid:] - INFO  [main:RequestPathMetricsCollector@113] - zookeeper.pathStats.maxDepth = 6
2021-04-21 14:09:35,541 [myid:] - INFO  [main:RequestPathMetricsCollector@114] - zookeeper.pathStats.initialDelay = 5
2021-04-21 14:09:35,541 [myid:] - INFO  [main:RequestPathMetricsCollector@115] - zookeeper.pathStats.delay = 5
2021-04-21 14:09:35,541 [myid:] - INFO  [main:RequestPathMetricsCollector@116] - zookeeper.pathStats.enabled = false
2021-04-21 14:09:35,554 [myid:] - INFO  [main:ZooKeeperServer@1471] - The max bytes for all large requests are set to 104857600
2021-04-21 14:09:35,554 [myid:] - INFO  [main:ZooKeeperServer@1485] - The large request threshold is set to -1
2021-04-21 14:09:35,554 [myid:] - INFO  [main:ZooKeeperServer@329] - Created server with tickTime 2000 minSessionTimeout 4000 maxSessionTimeout 40000 clientPortListenBacklog -1 datadir /Zookeeper/data/version-2 snapdir /Zookeeper/data/version-2
2021-04-21 14:09:35,593 [myid:] - INFO  [main:Log@169] - Logging initialized @2343ms to org.eclipse.jetty.util.log.Slf4jLog
2021-04-21 14:09:35,732 [myid:] - WARN  [main:ContextHandler@1520] - o.e.j.s.ServletContextHandler@5965d37{/,null,UNAVAILABLE} contextPath ends with /*
2021-04-21 14:09:35,733 [myid:] - WARN  [main:ContextHandler@1531] - Empty contextPath
2021-04-21 14:09:35,755 [myid:] - INFO  [main:Server@359] - jetty-9.4.24.v20191120; built: 2019-11-20T21:37:49.771Z; git: 363d5f2df3a8a28de40604320230664b9c793c16; jvm 15.0.2+7
2021-04-21 14:09:35,820 [myid:] - INFO  [main:DefaultSessionIdManager@333] - DefaultSessionIdManager workerName=node0
2021-04-21 14:09:35,820 [myid:] - INFO  [main:DefaultSessionIdManager@338] - No SessionScavenger set, using defaults
2021-04-21 14:09:35,822 [myid:] - INFO  [main:HouseKeeper@140] - node0 Scavenging every 600000ms
2021-04-21 14:09:35,841 [myid:] - INFO  [main:ContextHandler@825] - Started o.e.j.s.ServletContextHandler@5965d37{/,null,AVAILABLE}
2021-04-21 14:09:35,860 [myid:] - INFO  [main:AbstractConnector@330] - Started ServerConnector@25ce9dc4{HTTP/1.1,[http/1.1]}{0.0.0.0:8080}
2021-04-21 14:09:35,860 [myid:] - INFO  [main:Server@399] - Started @2611ms
2021-04-21 14:09:35,861 [myid:] - INFO  [main:JettyAdminServer@178] - Started AdminServer on address 0.0.0.0, port 8080 and command URL /commands
2021-04-21 14:09:35,869 [myid:] - INFO  [main:ServerCnxnFactory@169] - Using org.apache.zookeeper.server.NIOServerCnxnFactory as server connection factory
2021-04-21 14:09:35,871 [myid:] - WARN  [main:ServerCnxnFactory@309] - maxCnxns is not configured, using default value 0.
2021-04-21 14:09:35,872 [myid:] - INFO  [main:NIOServerCnxnFactory@666] - Configuring NIO connection handler with 10s sessionless connection timeout, 1 selector thread(s), 8 worker threads, and 64 kB direct buffers.
2021-04-21 14:09:35,874 [myid:] - INFO  [main:NIOServerCnxnFactory@674] - binding to port 0.0.0.0/0.0.0.0:2181
2021-04-21 14:09:35,893 [myid:] - INFO  [main:WatchManagerFactory@42] - Using org.apache.zookeeper.server.watch.WatchManager as watch manager
2021-04-21 14:09:35,894 [myid:] - INFO  [main:WatchManagerFactory@42] - Using org.apache.zookeeper.server.watch.WatchManager as watch manager
2021-04-21 14:09:35,895 [myid:] - INFO  [main:ZKDatabase@132] - zookeeper.snapshotSizeFactor = 0.33
2021-04-21 14:09:35,895 [myid:] - INFO  [main:ZKDatabase@152] - zookeeper.commitLogCount=500
2021-04-21 14:09:35,954 [myid:] - INFO  [main:SnapStream@61] - zookeeper.snapshot.compression.method = CHECKED
2021-04-21 14:09:35,968 [myid:] - INFO  [main:FileSnap@85] - Reading snapshot /Zookeeper/data/version-2/snapshot.14
2021-04-21 14:09:35,987 [myid:] - INFO  [main:DataTree@1730] - The digest in the snapshot has digest version of 2, , with zxid as 0x14, and digest value as 1411821142
2021-04-21 14:09:36,108 [myid:] - INFO  [main:FileTxnSnapLog@363] - 6 txns loaded in 55 ms
2021-04-21 14:09:36,109 [myid:] - INFO  [main:ZKDatabase@289] - Snapshot loaded in 213 ms, highest zxid is 0x1a, digest is 3580252274
2021-04-21 14:09:36,109 [myid:] - INFO  [main:FileTxnSnapLog@470] - Snapshotting: 0x1a to /Zookeeper/data/version-2/snapshot.1a
2021-04-21 14:09:36,143 [myid:] - INFO  [main:ZooKeeperServer@519] - Snapshot taken in 34 ms
2021-04-21 14:09:36,170 [myid:] - INFO  [main:RequestThrottler@74] - zookeeper.request_throttler.shutdownTimeout = 10000
2021-04-21 14:09:36,191 [myid:] - INFO  [main:ContainerManager@83] - Using checkIntervalMs=60000 maxPerMinute=10000 maxNeverUsedIntervalMs=0
2021-04-21 14:09:36,192 [myid:] - INFO  [main:ZKAuditProvider@42] - ZooKeeper audit is disabled.
2021-04-21 14:16:28,829 [myid:] - INFO  [SyncThread:0:FileTxnLog@284] - Creating new log file: log.1b
2021-04-21 14:21:11,397 [myid:] - WARN  [NIOWorkerThread-3:NIOServerCnxn@364] - Unexpected exception
EndOfStreamException: Unable to read additional data from client, it probably closed the socket: address = /127.0.0.1:48544, session = 0x100014054440000
	at org.apache.zookeeper.server.NIOServerCnxn.handleFailedRead(NIOServerCnxn.java:163)
	at org.apache.zookeeper.server.NIOServerCnxn.doIO(NIOServerCnxn.java:326)
	at org.apache.zookeeper.server.NIOServerCnxnFactory$IOWorkRequest.doWork(NIOServerCnxnFactory.java:522)
	at org.apache.zookeeper.server.WorkerService$ScheduledWorkRequest.run(WorkerService.java:154)
	at java.base/java.util.concurrent.ThreadPoolExecutor.runWorker(ThreadPoolExecutor.java:1130)
	at java.base/java.util.concurrent.ThreadPoolExecutor$Worker.run(ThreadPoolExecutor.java:630)
	at java.base/java.lang.Thread.run(Thread.java:832)
2021-04-21 14:21:19,058 [myid:] - INFO  [SessionTracker:ZooKeeperServer@600] - Expiring session 0x100014054440000, timeout of 10000ms exceeded
2021-04-21 14:45:37,364 [myid:] - WARN  [NIOWorkerThread-6:NIOServerCnxn@364] - Unexpected exception
EndOfStreamException: Unable to read additional data from client, it probably closed the socket: address = /127.0.0.1:48786, session = 0x100014054440002
	at org.apache.zookeeper.server.NIOServerCnxn.handleFailedRead(NIOServerCnxn.java:163)
	at org.apache.zookeeper.server.NIOServerCnxn.doIO(NIOServerCnxn.java:326)
	at org.apache.zookeeper.server.NIOServerCnxnFactory$IOWorkRequest.doWork(NIOServerCnxnFactory.java:522)
	at org.apache.zookeeper.server.WorkerService$ScheduledWorkRequest.run(WorkerService.java:154)
	at java.base/java.util.concurrent.ThreadPoolExecutor.runWorker(ThreadPoolExecutor.java:1130)
	at java.base/java.util.concurrent.ThreadPoolExecutor$Worker.run(ThreadPoolExecutor.java:630)
	at java.base/java.lang.Thread.run(Thread.java:832)
2021-04-21 14:45:47,058 [myid:] - INFO  [SessionTracker:ZooKeeperServer@600] - Expiring session 0x100014054440002, timeout of 10000ms exceeded
2021-04-21 14:45:55,870 [myid:] - WARN  [NIOWorkerThread-5:NIOServerCnxn@364] - Unexpected exception
EndOfStreamException: Unable to read additional data from client, it probably closed the socket: address = /127.0.0.1:48792, session = 0x100014054440003
	at org.apache.zookeeper.server.NIOServerCnxn.handleFailedRead(NIOServerCnxn.java:163)
	at org.apache.zookeeper.server.NIOServerCnxn.doIO(NIOServerCnxn.java:326)
	at org.apache.zookeeper.server.NIOServerCnxnFactory$IOWorkRequest.doWork(NIOServerCnxnFactory.java:522)
	at org.apache.zookeeper.server.WorkerService$ScheduledWorkRequest.run(WorkerService.java:154)
	at java.base/java.util.concurrent.ThreadPoolExecutor.runWorker(ThreadPoolExecutor.java:1130)
	at java.base/java.util.concurrent.ThreadPoolExecutor$Worker.run(ThreadPoolExecutor.java:630)
	at java.base/java.lang.Thread.run(Thread.java:832)
2021-04-21 14:46:03,057 [myid:] - INFO  [SessionTracker:ZooKeeperServer@600] - Expiring session 0x100014054440003, timeout of 10000ms exceeded
2021-04-21 14:48:46,511 [myid:] - WARN  [NIOWorkerThread-2:NIOServerCnxn@364] - Unexpected exception
EndOfStreamException: Unable to read additional data from client, it probably closed the socket: address = /127.0.0.1:48804, session = 0x100014054440004
	at org.apache.zookeeper.server.NIOServerCnxn.handleFailedRead(NIOServerCnxn.java:163)
	at org.apache.zookeeper.server.NIOServerCnxn.doIO(NIOServerCnxn.java:326)
	at org.apache.zookeeper.server.NIOServerCnxnFactory$IOWorkRequest.doWork(NIOServerCnxnFactory.java:522)
	at org.apache.zookeeper.server.WorkerService$ScheduledWorkRequest.run(WorkerService.java:154)
	at java.base/java.util.concurrent.ThreadPoolExecutor.runWorker(ThreadPoolExecutor.java:1130)
	at java.base/java.util.concurrent.ThreadPoolExecutor$Worker.run(ThreadPoolExecutor.java:630)
	at java.base/java.lang.Thread.run(Thread.java:832)
2021-04-21 14:48:55,058 [myid:] - INFO  [SessionTracker:ZooKeeperServer@600] - Expiring session 0x100014054440004, timeout of 10000ms exceeded
2021-04-21 15:01:55,658 [myid:] - WARN  [NIOWorkerThread-6:NIOServerCnxn@364] - Unexpected exception
EndOfStreamException: Unable to read additional data from client, it probably closed the socket: address = /127.0.0.1:48874, session = 0x100014054440005
	at org.apache.zookeeper.server.NIOServerCnxn.handleFailedRead(NIOServerCnxn.java:163)
	at org.apache.zookeeper.server.NIOServerCnxn.doIO(NIOServerCnxn.java:326)
	at org.apache.zookeeper.server.NIOServerCnxnFactory$IOWorkRequest.doWork(NIOServerCnxnFactory.java:522)
	at org.apache.zookeeper.server.WorkerService$ScheduledWorkRequest.run(WorkerService.java:154)
	at java.base/java.util.concurrent.ThreadPoolExecutor.runWorker(ThreadPoolExecutor.java:1130)
	at java.base/java.util.concurrent.ThreadPoolExecutor$Worker.run(ThreadPoolExecutor.java:630)
	at java.base/java.lang.Thread.run(Thread.java:832)
2021-04-21 15:02:03,058 [myid:] - INFO  [SessionTracker:ZooKeeperServer@600] - Expiring session 0x100014054440005, timeout of 10000ms exceeded
2021-04-21 15:02:46,657 [myid:] - WARN  [NIOWorkerThread-3:NIOServerCnxn@364] - Unexpected exception
EndOfStreamException: Unable to read additional data from client, it probably closed the socket: address = /127.0.0.1:48882, session = 0x100014054440006
	at org.apache.zookeeper.server.NIOServerCnxn.handleFailedRead(NIOServerCnxn.java:163)
	at org.apache.zookeeper.server.NIOServerCnxn.doIO(NIOServerCnxn.java:326)
	at org.apache.zookeeper.server.NIOServerCnxnFactory$IOWorkRequest.doWork(NIOServerCnxnFactory.java:522)
	at org.apache.zookeeper.server.WorkerService$ScheduledWorkRequest.run(WorkerService.java:154)
	at java.base/java.util.concurrent.ThreadPoolExecutor.runWorker(ThreadPoolExecutor.java:1130)
	at java.base/java.util.concurrent.ThreadPoolExecutor$Worker.run(ThreadPoolExecutor.java:630)
	at java.base/java.lang.Thread.run(Thread.java:832)
2021-04-21 15:02:55,058 [myid:] - INFO  [SessionTracker:ZooKeeperServer@600] - Expiring session 0x100014054440006, timeout of 10000ms exceeded
2021-04-21 15:05:59,668 [myid:] - WARN  [NIOWorkerThread-4:NIOServerCnxn@364] - Unexpected exception
EndOfStreamException: Unable to read additional data from client, it probably closed the socket: address = /127.0.0.1:48892, session = 0x100014054440007
	at org.apache.zookeeper.server.NIOServerCnxn.handleFailedRead(NIOServerCnxn.java:163)
	at org.apache.zookeeper.server.NIOServerCnxn.doIO(NIOServerCnxn.java:326)
	at org.apache.zookeeper.server.NIOServerCnxnFactory$IOWorkRequest.doWork(NIOServerCnxnFactory.java:522)
	at org.apache.zookeeper.server.WorkerService$ScheduledWorkRequest.run(WorkerService.java:154)
	at java.base/java.util.concurrent.ThreadPoolExecutor.runWorker(ThreadPoolExecutor.java:1130)
	at java.base/java.util.concurrent.ThreadPoolExecutor$Worker.run(ThreadPoolExecutor.java:630)
	at java.base/java.lang.Thread.run(Thread.java:832)
2021-04-21 15:06:09,058 [myid:] - INFO  [SessionTracker:ZooKeeperServer@600] - Expiring session 0x100014054440007, timeout of 10000ms exceeded
2021-04-21 15:07:20,309 [myid:] - WARN  [NIOWorkerThread-1:NIOServerCnxn@364] - Unexpected exception
EndOfStreamException: Unable to read additional data from client, it probably closed the socket: address = /127.0.0.1:48904, session = 0x100014054440008
	at org.apache.zookeeper.server.NIOServerCnxn.handleFailedRead(NIOServerCnxn.java:163)
	at org.apache.zookeeper.server.NIOServerCnxn.doIO(NIOServerCnxn.java:326)
	at org.apache.zookeeper.server.NIOServerCnxnFactory$IOWorkRequest.doWork(NIOServerCnxnFactory.java:522)
	at org.apache.zookeeper.server.WorkerService$ScheduledWorkRequest.run(WorkerService.java:154)
	at java.base/java.util.concurrent.ThreadPoolExecutor.runWorker(ThreadPoolExecutor.java:1130)
	at java.base/java.util.concurrent.ThreadPoolExecutor$Worker.run(ThreadPoolExecutor.java:630)
	at java.base/java.lang.Thread.run(Thread.java:832)
2021-04-21 15:07:31,059 [myid:] - INFO  [SessionTracker:ZooKeeperServer@600] - Expiring session 0x100014054440008, timeout of 10000ms exceeded
2021-04-21 15:08:03,479 [myid:] - WARN  [NIOWorkerThread-5:NIOServerCnxn@364] - Unexpected exception
EndOfStreamException: Unable to read additional data from client, it probably closed the socket: address = /127.0.0.1:48918, session = 0x100014054440009
	at org.apache.zookeeper.server.NIOServerCnxn.handleFailedRead(NIOServerCnxn.java:163)
	at org.apache.zookeeper.server.NIOServerCnxn.doIO(NIOServerCnxn.java:326)
	at org.apache.zookeeper.server.NIOServerCnxnFactory$IOWorkRequest.doWork(NIOServerCnxnFactory.java:522)
	at org.apache.zookeeper.server.WorkerService$ScheduledWorkRequest.run(WorkerService.java:154)
	at java.base/java.util.concurrent.ThreadPoolExecutor.runWorker(ThreadPoolExecutor.java:1130)
	at java.base/java.util.concurrent.ThreadPoolExecutor$Worker.run(ThreadPoolExecutor.java:630)
	at java.base/java.lang.Thread.run(Thread.java:832)
2021-04-21 15:08:11,057 [myid:] - INFO  [SessionTracker:ZooKeeperServer@600] - Expiring session 0x100014054440009, timeout of 10000ms exceeded
2021-04-21 15:14:24,230 [myid:] - WARN  [NIOWorkerThread-3:NIOServerCnxn@364] - Unexpected exception
EndOfStreamException: Unable to read additional data from client, it probably closed the socket: address = /127.0.0.1:48954, session = 0x10001405444000a
	at org.apache.zookeeper.server.NIOServerCnxn.handleFailedRead(NIOServerCnxn.java:163)
	at org.apache.zookeeper.server.NIOServerCnxn.doIO(NIOServerCnxn.java:326)
	at org.apache.zookeeper.server.NIOServerCnxnFactory$IOWorkRequest.doWork(NIOServerCnxnFactory.java:522)
	at org.apache.zookeeper.server.WorkerService$ScheduledWorkRequest.run(WorkerService.java:154)
	at java.base/java.util.concurrent.ThreadPoolExecutor.runWorker(ThreadPoolExecutor.java:1130)
	at java.base/java.util.concurrent.ThreadPoolExecutor$Worker.run(ThreadPoolExecutor.java:630)
	at java.base/java.lang.Thread.run(Thread.java:832)
2021-04-21 15:14:33,058 [myid:] - INFO  [SessionTracker:ZooKeeperServer@600] - Expiring session 0x10001405444000a, timeout of 10000ms exceeded
2021-04-21 15:16:05,355 [myid:] - WARN  [NIOWorkerThread-7:NIOServerCnxn@364] - Unexpected exception
EndOfStreamException: Unable to read additional data from client, it probably closed the socket: address = /127.0.0.1:48974, session = 0x10001405444000b
	at org.apache.zookeeper.server.NIOServerCnxn.handleFailedRead(NIOServerCnxn.java:163)
	at org.apache.zookeeper.server.NIOServerCnxn.doIO(NIOServerCnxn.java:326)
	at org.apache.zookeeper.server.NIOServerCnxnFactory$IOWorkRequest.doWork(NIOServerCnxnFactory.java:522)
	at org.apache.zookeeper.server.WorkerService$ScheduledWorkRequest.run(WorkerService.java:154)
	at java.base/java.util.concurrent.ThreadPoolExecutor.runWorker(ThreadPoolExecutor.java:1130)
	at java.base/java.util.concurrent.ThreadPoolExecutor$Worker.run(ThreadPoolExecutor.java:630)
	at java.base/java.lang.Thread.run(Thread.java:832)
2021-04-21 15:16:13,057 [myid:] - INFO  [SessionTracker:ZooKeeperServer@600] - Expiring session 0x10001405444000b, timeout of 10000ms exceeded
2021-04-21 15:17:26,275 [myid:] - WARN  [NIOWorkerThread-3:NIOServerCnxn@364] - Unexpected exception
EndOfStreamException: Unable to read additional data from client, it probably closed the socket: address = /127.0.0.1:48986, session = 0x10001405444000c
	at org.apache.zookeeper.server.NIOServerCnxn.handleFailedRead(NIOServerCnxn.java:163)
	at org.apache.zookeeper.server.NIOServerCnxn.doIO(NIOServerCnxn.java:326)
	at org.apache.zookeeper.server.NIOServerCnxnFactory$IOWorkRequest.doWork(NIOServerCnxnFactory.java:522)
	at org.apache.zookeeper.server.WorkerService$ScheduledWorkRequest.run(WorkerService.java:154)
	at java.base/java.util.concurrent.ThreadPoolExecutor.runWorker(ThreadPoolExecutor.java:1130)
	at java.base/java.util.concurrent.ThreadPoolExecutor$Worker.run(ThreadPoolExecutor.java:630)
	at java.base/java.lang.Thread.run(Thread.java:832)
2021-04-21 15:17:37,057 [myid:] - INFO  [SessionTracker:ZooKeeperServer@600] - Expiring session 0x10001405444000c, timeout of 10000ms exceeded
2021-04-21 15:18:27,863 [myid:] - WARN  [NIOWorkerThread-8:NIOServerCnxn@364] - Unexpected exception
EndOfStreamException: Unable to read additional data from client, it probably closed the socket: address = /127.0.0.1:48992, session = 0x10001405444000d
	at org.apache.zookeeper.server.NIOServerCnxn.handleFailedRead(NIOServerCnxn.java:163)
	at org.apache.zookeeper.server.NIOServerCnxn.doIO(NIOServerCnxn.java:326)
	at org.apache.zookeeper.server.NIOServerCnxnFactory$IOWorkRequest.doWork(NIOServerCnxnFactory.java:522)
	at org.apache.zookeeper.server.WorkerService$ScheduledWorkRequest.run(WorkerService.java:154)
	at java.base/java.util.concurrent.ThreadPoolExecutor.runWorker(ThreadPoolExecutor.java:1130)
	at java.base/java.util.concurrent.ThreadPoolExecutor$Worker.run(ThreadPoolExecutor.java:630)
	at java.base/java.lang.Thread.run(Thread.java:832)
2021-04-21 15:18:36,406 [myid:] - WARN  [NIOWorkerThread-4:NIOServerCnxn@364] - Unexpected exception
EndOfStreamException: Unable to read additional data from client, it probably closed the socket: address = /127.0.0.1:49000, session = 0x10001405444000e
	at org.apache.zookeeper.server.NIOServerCnxn.handleFailedRead(NIOServerCnxn.java:163)
	at org.apache.zookeeper.server.NIOServerCnxn.doIO(NIOServerCnxn.java:326)
	at org.apache.zookeeper.server.NIOServerCnxnFactory$IOWorkRequest.doWork(NIOServerCnxnFactory.java:522)
	at org.apache.zookeeper.server.WorkerService$ScheduledWorkRequest.run(WorkerService.java:154)
	at java.base/java.util.concurrent.ThreadPoolExecutor.runWorker(ThreadPoolExecutor.java:1130)
	at java.base/java.util.concurrent.ThreadPoolExecutor$Worker.run(ThreadPoolExecutor.java:630)
	at java.base/java.lang.Thread.run(Thread.java:832)
2021-04-21 15:18:37,061 [myid:] - INFO  [SessionTracker:ZooKeeperServer@600] - Expiring session 0x10001405444000d, timeout of 10000ms exceeded
2021-04-21 15:18:47,058 [myid:] - INFO  [SessionTracker:ZooKeeperServer@600] - Expiring session 0x10001405444000e, timeout of 10000ms exceeded
2021-04-21 15:34:08,828 [myid:] - WARN  [NIOWorkerThread-5:NIOServerCnxn@364] - Unexpected exception
EndOfStreamException: Unable to read additional data from client, it probably closed the socket: address = /127.0.0.1:49272, session = 0x10001405444000f
	at org.apache.zookeeper.server.NIOServerCnxn.handleFailedRead(NIOServerCnxn.java:163)
	at org.apache.zookeeper.server.NIOServerCnxn.doIO(NIOServerCnxn.java:326)
	at org.apache.zookeeper.server.NIOServerCnxnFactory$IOWorkRequest.doWork(NIOServerCnxnFactory.java:522)
	at org.apache.zookeeper.server.WorkerService$ScheduledWorkRequest.run(WorkerService.java:154)
	at java.base/java.util.concurrent.ThreadPoolExecutor.runWorker(ThreadPoolExecutor.java:1130)
	at java.base/java.util.concurrent.ThreadPoolExecutor$Worker.run(ThreadPoolExecutor.java:630)
	at java.base/java.lang.Thread.run(Thread.java:832)
2021-04-21 15:34:17,058 [myid:] - INFO  [SessionTracker:ZooKeeperServer@600] - Expiring session 0x10001405444000f, timeout of 10000ms exceeded
